Process 0
    Start Time: 1
    Finish Time: 41
    Service Time: 20
    Turnaround Time: 40
    Normalized Turnaround Time: 2.0
    Average Response Time: 4.0
Process 1
    Start Time: 7
    Finish Time: 123
    Service Time: 100
    Turnaround Time: 116
    Normalized Turnaround Time: 1.16
    Average Response Time: 2.6666666666666665
Process 2
    Start Time: 10
    Finish Time: 12
    Service Time: 2
    Turnaround Time: 4
    Normalized Turnaround Time: 2.0
    Average Response Time: 2.0
--------------------------------------------------------------------------------
Mean Turnaround Time: 53.333333333333336
Mean Normalized Turnaround Time: 1.72
Mean Response Time: 2.888888888888889
